Using pre-set license
Built from '2020.3/staging' branch; Version is '2020.3.19f1 (68f137dc9bbe) revision 6877495'; Using compiler version '192528614'; Build Type 'Release'
OS: 'Windows 10 Home Single Language; OS build 19045.3570; Version 2009; 64bit' Language: 'pt' Physical Memory: 8065 MB
BatchMode: 1, IsHumanControllingUs: 0, StartBugReporterOnCrash: 0, Is64bit: 1, IsPro: 0

COMMAND LINE ARGUMENTS:
C:\Program Files\Unity\Hub\Editor\2020.3.19f1-x86_64\Editor\Unity.exe
-adb2
-batchMode
-noUpm
-name
AssetImportWorker2
-projectPath
C:/Users/gusta/Desktop/PROJETOS/GameJams/AKOM quarentine game jam+ 2020/Game Jam
-logFile
Logs/AssetImportWorker2.log
-srvPort
64483
Successfully changed project path to: C:/Users/gusta/Desktop/PROJETOS/GameJams/AKOM quarentine game jam+ 2020/Game Jam
C:/Users/gusta/Desktop/PROJETOS/GameJams/AKOM quarentine game jam+ 2020/Game Jam
Using Asset Import Pipeline V2.
